d:\资料\jchat\项目代码\jchat\memorymq\debug\memorymq.pch
d:\资料\jchat\项目代码\jchat\memorymq\debug\vc140.pdb
d:\资料\jchat\项目代码\jchat\memorymq\debug\vc140.idb
d:\资料\jchat\项目代码\jchat\memorymq\debug\stdafx.obj
d:\资料\jchat\项目代码\jchat\memorymq\debug\delegete.obj
d:\资料\jchat\项目代码\jchat\memorymq\debug\memorymessage.obj
d:\资料\jchat\项目代码\jchat\memorymq\debug\messagequeue.obj
d:\资料\jchat\项目代码\jchat\memorymq\debug\dllmain.obj
d:\资料\jchat\项目代码\jchat\debug\memorymq.ilk
d:\资料\jchat\项目代码\jchat\debug\memorymq.dll
d:\资料\jchat\项目代码\jchat\debug\memorymq.pdb
d:\资料\jchat\项目代码\jchat\debug\memorymq.lib
d:\资料\jchat\项目代码\jchat\debug\memorymq.exp
d:\资料\jchat\项目代码\jchat\memorymq\debug\memorymq.tlog\cl.command.1.tlog
d:\资料\jchat\项目代码\jchat\memorymq\debug\memorymq.tlog\cl.read.1.tlog
d:\资料\jchat\项目代码\jchat\memorymq\debug\memorymq.tlog\cl.write.1.tlog
d:\资料\jchat\项目代码\jchat\memorymq\debug\memorymq.tlog\link.command.1.tlog
d:\资料\jchat\项目代码\jchat\memorymq\debug\memorymq.tlog\link.read.1.tlog
d:\资料\jchat\项目代码\jchat\memorymq\debug\memorymq.tlog\link.write.1.tlog
d:\资料\jchat\项目代码\jchat\memorymq\debug\memorymq.tlog\memorymq.write.1u.tlog
